2024-04-23 13:50:53 - Request success: activities_calories_intraday_by_date_2024_04_23.json - Rate Limit Remaining: 150 - Rate Limit Reset: 548
2024-04-23 13:50:54 - Request success: activities_distance_intraday_by_date_2024_04_23.json - Rate Limit Remaining: 150 - Rate Limit Reset: 548
2024-04-23 13:50:55 - Request success: activities_elevation_intraday_by_date_2024_04_23.json - Rate Limit Remaining: 150 - Rate Limit Reset: 547
2024-04-23 13:50:56 - Request success: activities_floors_intraday_by_date_2024_04_23.json - Rate Limit Remaining: 150 - Rate Limit Reset: 546
2024-04-23 13:50:56 - Request success: activities_steps_intraday_by_date_2024_04_23.json - Rate Limit Remaining: 150 - Rate Limit Reset: 545
2024-04-23 13:50:57 - Request success: ecg_intraday_by_date_2024_04_23.json - Rate Limit Remaining: 150 - Rate Limit Reset: 544
2024-04-23 13:50:58 - Request success: hr_intraday_by_date_2024_04_23.json - Rate Limit Remaining: 150 - Rate Limit Reset: 544
2024-04-23 13:50:59 - Request success: br_intraday_by_interval_2024_04_23.json - Rate Limit Remaining: 150 - Rate Limit Reset: 543
2024-04-23 13:51:00 - Request success: hrv_intraday_by_interval_2024_04_23.json - Rate Limit Remaining: 150 - Rate Limit Reset: 542
2024-04-23 13:51:00 - Request success: sleeplog_by_interval_2024_04_23.json - Rate Limit Remaining: 150 - Rate Limit Reset: 541
2024-04-23 13:51:01 - Request success: spo2_intraday_by_interval_2024_04_23.json - Rate Limit Remaining: 150 - Rate Limit Reset: 540
2024-04-23 13:51:02 - Request success: vo2max_intraday_by_interval_2024_04_23.json - Rate Limit Remaining: 150 - Rate Limit Reset: 539
2024-04-23 13:51:03 - Request success: tempskin_by_date_2024_04_23.json - Rate Limit Remaining: 150 - Rate Limit Reset: 539
2024-04-23 13:51:04 - Request success: vo2max_intraday_by_interval_2024_04_23.json - Rate Limit Remaining: 150 - Rate Limit Reset: 538
2024-04-23 13:55:55 - Request success: activities_calories_intraday_by_date_2024_04_23.json - Rate Limit Remaining: 150 - Rate Limit Reset: 247
2024-04-23 13:55:56 - Request success: activities_distance_intraday_by_date_2024_04_23.json - Rate Limit Remaining: 150 - Rate Limit Reset: 246
2024-04-23 13:55:56 - Request success: activities_elevation_intraday_by_date_2024_04_23.json - Rate Limit Remaining: 150 - Rate Limit Reset: 245
2024-04-23 13:55:57 - Request success: activities_floors_intraday_by_date_2024_04_23.json - Rate Limit Remaining: 150 - Rate Limit Reset: 245
2024-04-23 13:55:58 - Request success: activities_steps_intraday_by_date_2024_04_23.json - Rate Limit Remaining: 150 - Rate Limit Reset: 244
2024-04-23 13:55:58 - Request success: ecg_intraday_by_date_2024_04_23.json - Rate Limit Remaining: 150 - Rate Limit Reset: 243
2024-04-23 13:55:59 - Request success: hr_intraday_by_date_2024_04_23.json - Rate Limit Remaining: 150 - Rate Limit Reset: 242
2024-04-23 13:56:00 - Request success: br_intraday_by_interval_2024_04_23.json - Rate Limit Remaining: 150 - Rate Limit Reset: 241
2024-04-23 13:56:01 - Request success: hrv_intraday_by_interval_2024_04_23.json - Rate Limit Remaining: 150 - Rate Limit Reset: 241
2024-04-23 13:56:02 - Request success: sleeplog_by_interval_2024_04_23.json - Rate Limit Remaining: 150 - Rate Limit Reset: 240
2024-04-23 13:56:03 - Request success: spo2_intraday_by_interval_2024_04_23.json - Rate Limit Remaining: 150 - Rate Limit Reset: 239
2024-04-23 13:56:04 - Request success: vo2max_intraday_by_interval_2024_04_23.json - Rate Limit Remaining: 150 - Rate Limit Reset: 238
2024-04-23 13:56:05 - Request success: tempskin_by_date_2024_04_23.json - Rate Limit Remaining: 150 - Rate Limit Reset: 237
